#
# A fatal error has been detected by the Java Runtime Environment:
#
#  EXCEPTION_ACCESS_VIOLATION (0xc0000005) at pc=0x00007ffea2c3c362, pid=42992, tid=37076
#
# JRE version: OpenJDK Runtime Environment (11.0.1+13) (build 11.0.1+13)
# Java VM: OpenJDK 64-Bit Server VM (11.0.1+13, mixed mode, tiered, compressed oops, g1 gc, windows-amd64)
# Problematic frame:
# C  [cscore.dll+0x3c362]
#
# No core dump will be written. Minidumps are not enabled by default on client versions of Windows
#
# If you would like to submit a bug report, please visit:
#   http://bugreport.java.com/bugreport/crash.jsp
# The crash happened outside the Java Virtual Machine in native code.
# See problematic frame for where to report the bug.
#

---------------  S U M M A R Y ------------

Command Line: -agentlib:jdwp=transport=dt_socket,server=n,suspend=y,address=localhost:65260 -Djava.library.path=C:\Users\ROBOTICS37\Documents\TechX\IterativeX\TechXIterative\build\tmp\jniExtractDir -Dfile.encoding=UTF-8 frc.robot.Main

Host: Intel(R) Core(TM) i7-7700HQ CPU @ 2.80GHz, 8 cores, 15G,  Windows 10 , 64 bit Build 17134 (10.0.17134.1)
Time: Fri Feb  8 22:33:03 2019 Pacific Standard Time elapsed time: 1 seconds (0d 0h 0m 1s)

---------------  T H R E A D  ---------------

Current thread (0x000001b4e9957800):  JavaThread "CSListener" daemon [_thread_in_native, id=37076, stack(0x0000002445a00000,0x0000002445b00000)]

Stack: [0x0000002445a00000,0x0000002445b00000],  sp=0x0000002445afef40,  free space=1019k
Native frames: (J=compiled Java code, j=interpreted, Vv=VM code, C=native code)
C  [cscore.dll+0x3c362]

Java frames: (J=compiled Java code, j=interpreted, Vv=VM code)
j  edu.wpi.cscore.CameraServerJNI.getSourceVideoMode(I)Ledu/wpi/cscore/VideoMode;+0
j  edu.wpi.first.cameraserver.CameraServer.lambda$new$0(Ledu/wpi/cscore/VideoEvent;)V+179
j  edu.wpi.first.cameraserver.CameraServer$$Lambda$5.accept(Ljava/lang/Object;)V+8
v  ~StubRoutines::call_stub

siginfo: EXCEPTION_ACCESS_VIOLATION (0xc0000005), reading address 0x0000000000000000


Register to memory mapping:

RIP=0x00007ffea2c3c362 cscore.dll
RAX=0x00007ffea2c517f0 cscore.dll
RBX=0x0000002445aff020 is pointing into the stack for thread: 0x000001b4e9957800
RCX=0x0 is NULL
RDX=0x0000000000000526 is an unknown value
RSP=0x0000002445afef40 is pointing into the stack for thread: 0x000001b4e9957800
RBP=0x0000002445aff0c0 is pointing into the stack for thread: 0x000001b4e9957800
RSI=0x000001b4e9a6d4b0 points into unknown readable memory
RDI=0x000001b4e9a6d4b0 points into unknown readable memory
R8 =0x0 is NULL
R9 =0x0 is NULL
R10=0x000001b4ccb85ca7 is at code_begin+1959 in an Interpreter codelet
method entry point (kind = native)  [0x000001b4ccb85500, 0x000001b4ccb868a0]  5024 bytes
R11=0x0000000711b51918 is an oop
java.lang.Class 
{0x0000000711b51918} - klass: 'java/lang/Class'
R12=0x0 is NULL
R13={method} {0x000001b4e8d3e930} 'getSourceVideoMode' '(I)Ledu/wpi/cscore/VideoMode;' in 'edu/wpi/cscore/CameraServerJNI'
R14=0x0000002445aff0e0 is pointing into the stack for thread: 0x000001b4e9957800
R15=0x000001b4e9957800 is a thread


Registers:
RAX=0x00007ffea2c517f0, RBX=0x0000002445aff020, RCX=0x0000000000000000, RDX=0x0000000000000526
RSP=0x0000002445afef40, RBP=0x0000002445aff0c0, RSI=0x000001b4e9a6d4b0, RDI=0x000001b4e9a6d4b0
R8 =0x0000000000000000, R9 =0x0000000000000000, R10=0x000001b4ccb85ca7, R11=0x0000000711b51918
R12=0x0000000000000000, R13=0x000001b4e8d3e928, R14=0x0000002445aff0e0, R15=0x000001b4e9957800
RIP=0x00007ffea2c3c362, EFLAGS=0x0000000000010246

Top of Stack: (sp=0x0000002445afef40)
0x0000002445afef40:   000046ff97d53fe2 0000000000000100
0x0000002445afef50:   0000002445aff0e0 0000002445afefd8
0x0000002445afef60:   0000002445aff028 00007ffea2c14e30
0x0000002445afef70:   0000000041000000 00007ffe73e0098c
0x0000002445afef80:   0000000041000000 00007ffec0636f80
0x0000002445afef90:   fffffffffffffffe 0000002445aff0e0
0x0000002445afefa0:   0000002445aff020 00007ffea2c0e995
0x0000002445afefb0:   0000000041000000 0000002445aff028
0x0000002445afefc0:   0000002445aff028 000001b4e9957800
0x0000002445afefd0:   fffffffffffffffe 000001b4e992e810
0x0000002445afefe0:   000001b4e992e800 000000000000000c
0x0000002445afeff0:   000001b4ccb7af6d 00007ffec0636fb2
0x0000002445aff000:   000001b4e9957b40 000000000000000c
0x0000002445aff010:   000001b4ccb7af6d 000001b4ccb859a1
0x0000002445aff020:   0000002400000000 000001b4e8d3e928
0x0000002445aff030:   000001b4e9957800 0000b6681489141f 

Instructions: (pc=0x00007ffea2c3c362)
0x00007ffea2c3c342:   5c 24 08 57 48 83 ec 20 48 8b f9 48 8b da 48 8b
0x00007ffea2c3c352:   89 88 02 00 00 45 33 c9 45 33 c0 ba 26 05 00 00
0x00007ffea2c3c362:   48 8b 09 ff 15 15 c0 00 00 89 03 85 c0 75 0e 0f
0x00007ffea2c3c372:   b6 47 08 84 c0 75 13 c7 03 2b f8 ff ff 32 c0 48 



---------------  P R O C E S S  ---------------

Threads class SMR info:
_java_thread_list=0x000001b4e992eec0, length=17, elements={
0x000001b4c480d800, 0x000001b4e8894800, 0x000001b4e8895800, 0x000001b4e9184800,
0x000001b4e9185800, 0x000001b4e9187800, 0x000001b4e918c000, 0x000001b4e918d000,
0x000001b4e9328000, 0x000001b4e932b000, 0x000001b4e932c000, 0x000001b4e9341800,
0x000001b4e934d000, 0x000001b4e9926000, 0x000001b4e9952800, 0x000001b4e9957800,
0x000001b4e99da800
}

Java Threads: ( => current thread )
  0x000001b4c480d800 JavaThread "main" [_thread_in_native, id=40208, stack(0x0000002443f00000,0x0000002444000000)]
  0x000001b4e8894800 JavaThread "Reference Handler" daemon [_thread_blocked, id=39996, stack(0x0000002444600000,0x0000002444700000)]
  0x000001b4e8895800 JavaThread "Finalizer" daemon [_thread_blocked, id=46036, stack(0x0000002444700000,0x0000002444800000)]
  0x000001b4e9184800 JavaThread "Signal Dispatcher" daemon [_thread_blocked, id=45288, stack(0x0000002444800000,0x0000002444900000)]
  0x000001b4e9185800 JavaThread "Attach Listener" daemon [_thread_blocked, id=40320, stack(0x0000002444900000,0x0000002444a00000)]
  0x000001b4e9187800 JavaThread "C2 CompilerThread0" daemon [_thread_blocked, id=12204, stack(0x0000002444a00000,0x0000002444b00000)]
  0x000001b4e918c000 JavaThread "C1 CompilerThread0" daemon [_thread_blocked, id=48932, stack(0x0000002444b00000,0x0000002444c00000)]
  0x000001b4e918d000 JavaThread "Sweeper thread" daemon [_thread_blocked, id=44464, stack(0x0000002444c00000,0x0000002444d00000)]
  0x000001b4e9328000 JavaThread "JDWP Transport Listener: dt_socket" daemon [_thread_blocked, id=43260, stack(0x0000002444d00000,0x0000002444e00000)]
  0x000001b4e932b000 JavaThread "JDWP Event Helper Thread" daemon [_thread_blocked, id=18760, stack(0x0000002444e00000,0x0000002444f00000)]
  0x000001b4e932c000 JavaThread "JDWP Command Reader" daemon [_thread_in_native, id=25040, stack(0x0000002444f00000,0x0000002445000000)]
  0x000001b4e9341800 JavaThread "Service Thread" daemon [_thread_blocked, id=40096, stack(0x0000002445000000,0x0000002445100000)]
  0x000001b4e934d000 JavaThread "Common-Cleaner" daemon [_thread_blocked, id=37852, stack(0x0000002445200000,0x0000002445300000)]
  0x000001b4e9926000 JavaThread "FRCDriverStation" [_thread_in_native, id=22144, stack(0x0000002445800000,0x0000002445900000)]
  0x000001b4e9952800 JavaThread "Thread-0" daemon [_thread_blocked, id=7272, stack(0x0000002445900000,0x0000002445a00000)]
=>0x000001b4e9957800 JavaThread "CSListener" daemon [_thread_in_native, id=37076, stack(0x0000002445a00000,0x0000002445b00000)]
  0x000001b4e99da800 JavaThread "NTEntryListener" daemon [_thread_in_native, id=19616, stack(0x0000002445d00000,0x0000002445e00000)]

Other Threads:
  0x000001b4e8882000 VMThread "VM Thread" [stack: 0x0000002444500000,0x0000002444600000] [id=46492]
  0x000001b4e9342800 WatcherThread [stack: 0x0000002445100000,0x0000002445200000] [id=29136]
  0x000001b4c481f000 GCTaskThread "GC Thread#0" [stack: 0x0000002444000000,0x0000002444100000] [id=26484]
  0x000001b4c487c000 ConcurrentGCThread "G1 Main Marker" [stack: 0x0000002444100000,0x0000002444200000] [id=26972]
  0x000001b4c487d800 ConcurrentGCThread "G1 Conc#0" [stack: 0x0000002444200000,0x0000002444300000] [id=25408]
  0x000001b4e876d800 ConcurrentGCThread "G1 Refine#0" [stack: 0x0000002444300000,0x0000002444400000] [id=36892]
  0x000001b4e8770800 ConcurrentGCThread "G1 Young RemSet Sampling" [stack: 0x0000002444400000,0x0000002444500000] [id=7424]

Threads with active compile tasks:

VM state:not at safepoint (normal execution)

VM Mutex/Monitor currently owned by a thread: None

Heap address: 0x0000000701e00000, size: 4066 MB, Compressed Oops mode: Zero based, Oop shift amount: 3
Narrow klass base: 0x0000000800000000, Narrow klass shift: 0
Compressed class space size: 1073741824 Address: 0x0000000800000000

Heap:
 garbage-first heap   total 262144K, used 4096K [0x0000000701e00000, 0x0000000800000000)
  region size 1024K, 5 young (5120K), 0 survivors (0K)
 Metaspace       used 6445K, capacity 6570K, committed 6784K, reserved 1056768K
  class space    used 550K, capacity 570K, committed 640K, reserved 1048576K
Heap Regions: E=young(eden), S=young(survivor), O=old, HS=humongous(starts), HC=humongous(continues), CS=collection set, F=free, A=archive, TAMS=top-at-mark-start (previous, next)
|   0|0x0000000701e00000, 0x0000000701e00000, 0x0000000701f00000|  0%| F|  |TAMS 0x0000000701e00000, 0x0000000701e00000| Untracked 
|   1|0x0000000701f00000, 0x0000000701f00000, 0x0000000702000000|  0%| F|  |TAMS 0x0000000701f00000, 0x0000000701f00000| Untracked 
|   2|0x0000000702000000, 0x0000000702000000, 0x0000000702100000|  0%| F|  |TAMS 0x0000000702000000, 0x0000000702000000| Untracked 
|   3|0x0000000702100000, 0x0000000702100000, 0x0000000702200000|  0%| F|  |TAMS 0x0000000702100000, 0x0000000702100000| Untracked 
|   4|0x0000000702200000, 0x0000000702200000, 0x0000000702300000|  0%| F|  |TAMS 0x0000000702200000, 0x0000000702200000| Untracked 
|   5|0x0000000702300000, 0x0000000702300000, 0x0000000702400000|  0%| F|  |TAMS 0x0000000702300000, 0x0000000702300000| Untracked 
|   6|0x0000000702400000, 0x0000000702400000, 0x0000000702500000|  0%| F|  |TAMS 0x0000000702400000, 0x0000000702400000| Untracked 
|   7|0x0000000702500000, 0x0000000702500000, 0x0000000702600000|  0%| F|  |TAMS 0x0000000702500000, 0x0000000702500000| Untracked 
|   8|0x0000000702600000, 0x0000000702600000, 0x0000000702700000|  0%| F|  |TAMS 0x0000000702600000, 0x0000000702600000| Untracked 
|   9|0x0000000702700000, 0x0000000702700000, 0x0000000702800000|  0%| F|  |TAMS 0x0000000702700000, 0x0000000702700000| Untracked 
|  10|0x0000000702800000, 0x0000000702800000, 0x0000000702900000|  0%| F|  |TAMS 0x0000000702800000, 0x0000000702800000| Untracked 
|  11|0x0000000702900000, 0x0000000702900000, 0x0000000702a00000|  0%| F|  |TAMS 0x0000000702900000, 0x0000000702900000| Untracked 
|  12|0x0000000702a00000, 0x0000000702a00000, 0x0000000702b00000|  0%| F|  |TAMS 0x0000000702a00000, 0x0000000702a00000| Untracked 
|  13|0x0000000702b00000, 0x0000000702b00000, 0x0000000702c00000|  0%| F|  |TAMS 0x0000000702b00000, 0x0000000702b00000| Untracked 
|  14|0x0000000702c00000, 0x0000000702c00000, 0x0000000702d00000|  0%| F|  |TAMS 0x0000000702c00000, 0x0000000702c00000| Untracked 
|  15|0x0000000702d00000, 0x0000000702d00000, 0x0000000702e00000|  0%| F|  |TAMS 0x0000000702d00000, 0x0000000702d00000| Untracked 
|  16|0x0000000702e00000, 0x0000000702e00000, 0x0000000702f00000|  0%| F|  |TAMS 0x0000000702e00000, 0x0000000702e00000| Untracked 
|  17|0x0000000702f00000, 0x0000000702f00000, 0x0000000703000000|  0%| F|  |TAMS 0x0000000702f00000, 0x0000000702f00000| Untracked 
|  18|0x0000000703000000, 0x0000000703000000, 0x0000000703100000|  0%| F|  |TAMS 0x0000000703000000, 0x0000000703000000| Untracked 
|  19|0x0000000703100000, 0x0000000703100000, 0x0000000703200000|  0%| F|  |TAMS 0x0000000703100000, 0x0000000703100000| Untracked 
|  20|0x0000000703200000, 0x0000000703200000, 0x0000000703300000|  0%| F|  |TAMS 0x0000000703200000, 0x0000000703200000| Untracked 
|  21|0x0000000703300000, 0x0000000703300000, 0x0000000703400000|  0%| F|  |TAMS 0x0000000703300000, 0x0000000703300000| Untracked 
|  22|0x0000000703400000, 0x0000000703400000, 0x0000000703500000|  0%| F|  |TAMS 0x0000000703400000, 0x0000000703400000| Untracked 
|  23|0x0000000703500000, 0x0000000703500000, 0x0000000703600000|  0%| F|  |TAMS 0x0000000703500000, 0x0000000703500000| Untracked 
|  24|0x0000000703600000, 0x0000000703600000, 0x0000000703700000|  0%| F|  |TAMS 0x0000000703600000, 0x0000000703600000| Untracked 
|  25|0x0000000703700000, 0x0000000703700000, 0x0000000703800000|  0%| F|  |TAMS 0x0000000703700000, 0x0000000703700000| Untracked 
|  26|0x0000000703800000, 0x0000000703800000, 0x0000000703900000|  0%| F|  |TAMS 0x0000000703800000, 0x0000000703800000| Untracked 
|  27|0x0000000703900000, 0x0000000703900000, 0x0000000703a00000|  0%| F|  |TAMS 0x0000000703900000, 0x0000000703900000| Untracked 
|  28|0x0000000703a00000, 0x0000000703a00000, 0x0000000703b00000|  0%| F|  |TAMS 0x0000000703a00000, 0x0000000703a00000| Untracked 
|  29|0x0000000703b00000, 0x0000000703b00000, 0x0000000703c00000|  0%| F|  |TAMS 0x0000000703b00000, 0x0000000703b00000| Untracked 
|  30|0x0000000703c00000, 0x0000000703c00000, 0x0000000703d00000|  0%| F|  |TAMS 0x0000000703c00000, 0x0000000703c00000| Untracked 
|  31|0x0000000703d00000, 0x0000000703d00000, 0x0000000703e00000|  0%| F|  |TAMS 0x0000000703d00000, 0x0000000703d00000| Untracked 
|  32|0x0000000703e00000, 0x0000000703e00000, 0x0000000703f00000|  0%| F|  |TAMS 0x0000000703e00000, 0x0000000703e00000| Untracked 
|  33|0x0000000703f00000, 0x0000000703f00000, 0x0000000704000000|  0%| F|  |TAMS 0x0000000703f00000, 0x0000000703f00000| Untracked 
|  34|0x0000000704000000, 0x0000000704000000, 0x0000000704100000|  0%| F|  |TAMS 0x0000000704000000, 0x0000000704000000| Untracked 
|  35|0x0000000704100000, 0x0000000704100000, 0x0000000704200000|  0%| F|  |TAMS 0x0000000704100000, 0x0000000704100000| Untracked 
|  36|0x0000000704200000, 0x0000000704200000, 0x0000000704300000|  0%| F|  |TAMS 0x0000000704200000, 0x0000000704200000| Untracked 
|  37|0x0000000704300000, 0x0000000704300000, 0x0000000704400000|  0%| F|  |TAMS 0x0000000704300000, 0x0000000704300000| Untracked 
|  38|0x0000000704400000, 0x0000000704400000, 0x0000000704500000|  0%| F|  |TAMS 0x0000000704400000, 0x0000000704400000| Untracked 
|  39|0x0000000704500000, 0x0000000704500000, 0x0000000704600000|  0%| F|  |TAMS 0x0000000704500000, 0x0000000704500000| Untracked 
|  40|0x0000000704600000, 0x0000000704600000, 0x0000000704700000|  0%| F|  |TAMS 0x0000000704600000, 0x0000000704600000| Untracked 
|  41|0x0000000704700000, 0x0000000704700000, 0x0000000704800000|  0%| F|  |TAMS 0x0000000704700000, 0x0000000704700000| Untracked 
|  42|0x0000000704800000, 0x0000000704800000, 0x0000000704900000|  0%| F|  |TAMS 0x0000000704800000, 0x0000000704800000| Untracked 
|  43|0x0000000704900000, 0x0000000704900000, 0x0000000704a00000|  0%| F|  |TAMS 0x0000000704900000, 0x0000000704900000| Untracked 
|  44|0x0000000704a00000, 0x0000000704a00000, 0x0000000704b00000|  0%| F|  |TAMS 0x0000000704a00000, 0x0000000704a00000| Untracked 
|  45|0x0000000704b00000, 0x0000000704b00000, 0x0000000704c00000|  0%| F|  |TAMS 0x0000000704b00000, 0x0000000704b00000| Untracked 
|  46|0x0000000704c00000, 0x0000000704c00000, 0x0000000704d00000|  0%| F|  |TAMS 0x0000000704c00000, 0x0000000704c00000| Untracked 
|  47|0x0000000704d00000, 0x0000000704d00000, 0x0000000704e00000|  0%| F|  |TAMS 0x0000000704d00000, 0x0000000704d00000| Untracked 
|  48|0x0000000704e00000, 0x0000000704e00000, 0x0000000704f00000|  0%| F|  |TAMS 0x0000000704e00000, 0x0000000704e00000| Untracked 
|  49|0x0000000704f00000, 0x0000000704f00000, 0x0000000705000000|  0%| F|  |TAMS 0x0000000704f00000, 0x0000000704f00000| Untracked 
|  50|0x0000000705000000, 0x0000000705000000, 0x0000000705100000|  0%| F|  |TAMS 0x0000000705000000, 0x0000000705000000| Untracked 
|  51|0x0000000705100000, 0x0000000705100000, 0x0000000705200000|  0%| F|  |TAMS 0x0000000705100000, 0x0000000705100000| Untracked 
|  52|0x0000000705200000, 0x0000000705200000, 0x0000000705300000|  0%| F|  |TAMS 0x0000000705200000, 0x0000000705200000| Untracked 
|  53|0x0000000705300000, 0x0000000705300000, 0x0000000705400000|  0%| F|  |TAMS 0x0000000705300000, 0x0000000705300000| Untracked 
|  54|0x0000000705400000, 0x0000000705400000, 0x0000000705500000|  0%| F|  |TAMS 0x0000000705400000, 0x0000000705400000| Untracked 
|  55|0x0000000705500000, 0x0000000705500000, 0x0000000705600000|  0%| F|  |TAMS 0x0000000705500000, 0x0000000705500000| Untracked 
|  56|0x0000000705600000, 0x0000000705600000, 0x0000000705700000|  0%| F|  |TAMS 0x0000000705600000, 0x0000000705600000| Untracked 
|  57|0x0000000705700000, 0x0000000705700000, 0x0000000705800000|  0%| F|  |TAMS 0x0000000705700000, 0x0000000705700000| Untracked 
|  58|0x0000000705800000, 0x0000000705800000, 0x0000000705900000|  0%| F|  |TAMS 0x0000000705800000, 0x0000000705800000| Untracked 
|  59|0x0000000705900000, 0x0000000705900000, 0x0000000705a00000|  0%| F|  |TAMS 0x0000000705900000, 0x0000000705900000| Untracked 
|  60|0x0000000705a00000, 0x0000000705a00000, 0x0000000705b00000|  0%| F|  |TAMS 0x0000000705a00000, 0x0000000705a00000| Untracked 
|  61|0x0000000705b00000, 0x0000000705b00000, 0x0000000705c00000|  0%| F|  |TAMS 0x0000000705b00000, 0x0000000705b00000| Untracked 
|  62|0x0000000705c00000, 0x0000000705c00000, 0x0000000705d00000|  0%| F|  |TAMS 0x0000000705c00000, 0x0000000705c00000| Untracked 
|  63|0x0000000705d00000, 0x0000000705d00000, 0x0000000705e00000|  0%| F|  |TAMS 0x0000000705d00000, 0x0000000705d00000| Untracked 
|  64|0x0000000705e00000, 0x0000000705e00000, 0x0000000705f00000|  0%| F|  |TAMS 0x0000000705e00000, 0x0000000705e00000| Untracked 
|  65|0x0000000705f00000, 0x0000000705f00000, 0x0000000706000000|  0%| F|  |TAMS 0x0000000705f00000, 0x0000000705f00000| Untracked 
|  66|0x0000000706000000, 0x0000000706000000, 0x0000000706100000|  0%| F|  |TAMS 0x0000000706000000, 0x0000000706000000| Untracked 
|  67|0x0000000706100000, 0x0000000706100000, 0x0000000706200000|  0%| F|  |TAMS 0x0000000706100000, 0x0000000706100000| Untracked 
|  68|0x0000000706200000, 0x0000000706200000, 0x0000000706300000|  0%| F|  |TAMS 0x0000000706200000, 0x0000000706200000| Untracked 
|  69|0x0000000706300000, 0x0000000706300000, 0x0000000706400000|  0%| F|  |TAMS 0x0000000706300000, 0x0000000706300000| Untracked 
|  70|0x0000000706400000, 0x0000000706400000, 0x0000000706500000|  0%| F|  |TAMS 0x0000000706400000, 0x0000000706400000| Untracked 
|  71|0x0000000706500000, 0x0000000706500000, 0x0000000706600000|  0%| F|  |TAMS 0x0000000706500000, 0x0000000706500000| Untracked 
|  72|0x0000000706600000, 0x0000000706600000, 0x0000000706700000|  0%| F|  |TAMS 0x0000000706600000, 0x0000000706600000| Untracked 
|  73|0x0000000706700000, 0x0000000706700000, 0x0000000706800000|  0%| F|  |TAMS 0x0000000706700000, 0x0000000706700000| Untracked 
|  74|0x0000000706800000, 0x0000000706800000, 0x0000000706900000|  0%| F|  |TAMS 0x0000000706800000, 0x0000000706800000| Untracked 
|  75|0x0000000706900000, 0x0000000706900000, 0x0000000706a00000|  0%| F|  |TAMS 0x0000000706900000, 0x0000000706900000| Untracked 
|  76|0x0000000706a00000, 0x0000000706a00000, 0x0000000706b00000|  0%| F|  |TAMS 0x0000000706a00000, 0x0000000706a00000| Untracked 
|  77|0x0000000706b00000, 0x0000000706b00000, 0x0000000706c00000|  0%| F|  |TAMS 0x0000000706b00000, 0x0000000706b00000| Untracked 
|  78|0x0000000706c00000, 0x0000000706c00000, 0x0000000706d00000|  0%| F|  |TAMS 0x0000000706c00000, 0x0000000706c00000| Untracked 
|  79|0x0000000706d00000, 0x0000000706d00000, 0x0000000706e00000|  0%| F|  |TAMS 0x0000000706d00000, 0x0000000706d00000| Untracked 
|  80|0x0000000706e00000, 0x0000000706e00000, 0x0000000706f00000|  0%| F|  |TAMS 0x0000000706e00000, 0x0000000706e00000| Untracked 
|  81|0x0000000706f00000, 0x0000000706f00000, 0x0000000707000000|  0%| F|  |TAMS 0x0000000706f00000, 0x0000000706f00000| Untracked 
|  82|0x0000000707000000, 0x0000000707000000, 0x0000000707100000|  0%| F|  |TAMS 0x0000000707000000, 0x0000000707000000| Untracked 
|  83|0x0000000707100000, 0x0000000707100000, 0x0000000707200000|  0%| F|  |TAMS 0x0000000707100000, 0x0000000707100000| Untracked 
|  84|0x0000000707200000, 0x0000000707200000, 0x0000000707300000|  0%| F|  |TAMS 0x0000000707200000, 0x0000000707200000| Untracked 
|  85|0x0000000707300000, 0x0000000707300000, 0x0000000707400000|  0%| F|  |TAMS 0x0000000707300000, 0x0000000707300000| Untracked 
|  86|0x0000000707400000, 0x0000000707400000, 0x0000000707500000|  0%| F|  |TAMS 0x0000000707400000, 0x0000000707400000| Untracked 
|  87|0x0000000707500000, 0x0000000707500000, 0x0000000707600000|  0%| F|  |TAMS 0x0000000707500000, 0x0000000707500000| Untracked 
|  88|0x0000000707600000, 0x0000000707600000, 0x0000000707700000|  0%| F|  |TAMS 0x0000000707600000, 0x0000000707600000| Untracked 
|  89|0x0000000707700000, 0x0000000707700000, 0x0000000707800000|  0%| F|  |TAMS 0x0000000707700000, 0x0000000707700000| Untracked 
|  90|0x0000000707800000, 0x0000000707800000, 0x0000000707900000|  0%| F|  |TAMS 0x0000000707800000, 0x0000000707800000| Untracked 
|  91|0x0000000707900000, 0x0000000707900000, 0x0000000707a00000|  0%| F|  |TAMS 0x0000000707900000, 0x0000000707900000| Untracked 
|  92|0x0000000707a00000, 0x0000000707a00000, 0x0000000707b00000|  0%| F|  |TAMS 0x0000000707a00000, 0x0000000707a00000| Untracked 
|  93|0x0000000707b00000, 0x0000000707b00000, 0x0000000707c00000|  0%| F|  |TAMS 0x0000000707b00000, 0x0000000707b00000| Untracked 
|  94|0x0000000707c00000, 0x0000000707c00000, 0x0000000707d00000|  0%| F|  |TAMS 0x0000000707c00000, 0x0000000707c00000| Untracked 
|  95|0x0000000707d00000, 0x0000000707d00000, 0x0000000707e00000|  0%| F|  |TAMS 0x0000000707d00000, 0x0000000707d00000| Untracked 
|  96|0x0000000707e00000, 0x0000000707e00000, 0x0000000707f00000|  0%| F|  |TAMS 0x0000000707e00000, 0x0000000707e00000| Untracked 
|  97|0x0000000707f00000, 0x0000000707f00000, 0x0000000708000000|  0%| F|  |TAMS 0x0000000707f00000, 0x0000000707f00000| Untracked 
|  98|0x0000000708000000, 0x0000000708000000, 0x0000000708100000|  0%| F|  |TAMS 0x0000000708000000, 0x0000000708000000| Untracked 
|  99|0x0000000708100000, 0x0000000708100000, 0x0000000708200000|  0%| F|  |TAMS 0x0000000708100000, 0x0000000708100000| Untracked 
| 100|0x0000000708200000, 0x0000000708200000, 0x0000000708300000|  0%| F|  |TAMS 0x0000000708200000, 0x0000000708200000| Untracked 
| 101|0x0000000708300000, 0x0000000708300000, 0x0000000708400000|  0%| F|  |TAMS 0x0000000708300000, 0x0000000708300000| Untracked 
| 102|0x0000000708400000, 0x0000000708400000, 0x0000000708500000|  0%| F|  |TAMS 0x0000000708400000, 0x0000000708400000| Untracked 
| 103|0x0000000708500000, 0x0000000708500000, 0x0000000708600000|  0%| F|  |TAMS 0x0000000708500000, 0x0000000708500000| Untracked 
| 104|0x0000000708600000, 0x0000000708600000, 0x0000000708700000|  0%| F|  |TAMS 0x0000000708600000, 0x0000000708600000| Untracked 
| 105|0x0000000708700000, 0x0000000708700000, 0x0000000708800000|  0%| F|  |TAMS 0x0000000708700000, 0x0000000708700000| Untracked 
| 106|0x0000000708800000, 0x0000000708800000, 0x0000000708900000|  0%| F|  |TAMS 0x0000000708800000, 0x0000000708800000| Untracked 
| 107|0x0000000708900000, 0x0000000708900000, 0x0000000708a00000|  0%| F|  |TAMS 0x0000000708900000, 0x0000000708900000| Untracked 
| 108|0x0000000708a00000, 0x0000000708a00000, 0x0000000708b00000|  0%| F|  |TAMS 0x0000000708a00000, 0x0000000708a00000| Untracked 
| 109|0x0000000708b00000, 0x0000000708b00000, 0x0000000708c00000|  0%| F|  |TAMS 0x0000000708b00000, 0x0000000708b00000| Untracked 
| 110|0x0000000708c00000, 0x0000000708c00000, 0x0000000708d00000|  0%| F|  |TAMS 0x0000000708c00000, 0x0000000708c00000| Untracked 
| 111|0x0000000708d00000, 0x0000000708d00000, 0x0000000708e00000|  0%| F|  |TAMS 0x0000000708d00000, 0x0000000708d00000| Untracked 
| 112|0x0000000708e00000, 0x0000000708e00000, 0x0000000708f00000|  0%| F|  |TAMS 0x0000000708e00000, 0x0000000708e00000| Untracked 
| 113|0x0000000708f00000, 0x0000000708f00000, 0x0000000709000000|  0%| F|  |TAMS 0x0000000708f00000, 0x0000000708f00000| Untracked 
| 114|0x0000000709000000, 0x0000000709000000, 0x0000000709100000|  0%| F|  |TAMS 0x0000000709000000, 0x0000000709000000| Untracked 
| 115|0x0000000709100000, 0x0000000709100000, 0x0000000709200000|  0%| F|  |TAMS 0x0000000709100000, 0x0000000709100000| Untracked 
| 116|0x0000000709200000, 0x0000000709200000, 0x0000000709300000|  0%| F|  |TAMS 0x0000000709200000, 0x0000000709200000| Untracked 
| 117|0x0000000709300000, 0x0000000709300000, 0x0000000709400000|  0%| F|  |TAMS 0x0000000709300000, 0x0000000709300000| Untracked 
| 118|0x0000000709400000, 0x0000000709400000, 0x0000000709500000|  0%| F|  |TAMS 0x0000000709400000, 0x0000000709400000| Untracked 
| 119|0x0000000709500000, 0x0000000709500000, 0x0000000709600000|  0%| F|  |TAMS 0x0000000709500000, 0x0000000709500000| Untracked 
| 120|0x0000000709600000, 0x0000000709600000, 0x0000000709700000|  0%| F|  |TAMS 0x0000000709600000, 0x0000000709600000| Untracked 
| 121|0x0000000709700000, 0x0000000709700000, 0x0000000709800000|  0%| F|  |TAMS 0x0000000709700000, 0x0000000709700000| Untracked 
| 122|0x0000000709800000, 0x0000000709800000, 0x0000000709900000|  0%| F|  |TAMS 0x0000000709800000, 0x0000000709800000| Untracked 
| 123|0x0000000709900000, 0x0000000709900000, 0x0000000709a00000|  0%| F|  |TAMS 0x0000000709900000, 0x0000000709900000| Untracked 
| 124|0x0000000709a00000, 0x0000000709a00000, 0x0000000709b00000|  0%| F|  |TAMS 0x0000000709a00000, 0x0000000709a00000| Untracked 
| 125|0x0000000709b00000, 0x0000000709b00000, 0x0000000709c00000|  0%| F|  |TAMS 0x0000000709b00000, 0x0000000709b00000| Untracked 
| 126|0x0000000709c00000, 0x0000000709c00000, 0x0000000709d00000|  0%| F|  |TAMS 0x0000000709c00000, 0x0000000709c00000| Untracked 
| 127|0x0000000709d00000, 0x0000000709d00000, 0x0000000709e00000|  0%| F|  |TAMS 0x0000000709d00000, 0x0000000709d00000| Untracked 
| 128|0x0000000709e00000, 0x0000000709e00000, 0x0000000709f00000|  0%| F|  |TAMS 0x0000000709e00000, 0x0000000709e00000| Untracked 
| 129|0x0000000709f00000, 0x0000000709f00000, 0x000000070a000000|  0%| F|  |TAMS 0x0000000709f00000, 0x0000000709f00000| Untracked 
| 130|0x000000070a000000, 0x000000070a000000, 0x000000070a100000|  0%| F|  |TAMS 0x000000070a000000, 0x000000070a000000| Untracked 
| 131|0x000000070a100000, 0x000000070a100000, 0x000000070a200000|  0%| F|  |TAMS 0x000000070a100000, 0x000000070a100000| Untracked 
| 132|0x000000070a200000, 0x000000070a200000, 0x000000070a300000|  0%| F|  |TAMS 0x000000070a200000, 0x000000070a200000| Untracked 
| 133|0x000000070a300000, 0x000000070a300000, 0x000000070a400000|  0%| F|  |TAMS 0x000000070a300000, 0x000000070a300000| Untracked 
| 134|0x000000070a400000, 0x000000070a400000, 0x000000070a500000|  0%| F|  |TAMS 0x000000070a400000, 0x000000070a400000| Untracked 
| 135|0x000000070a500000, 0x000000070a500000, 0x000000070a600000|  0%| F|  |TAMS 0x000000070a500000, 0x000000070a500000| Untracked 
| 136|0x000000070a600000, 0x000000070a600000, 0x000000070a700000|  0%| F|  |TAMS 0x000000070a600000, 0x000000070a600000| Untracked 
| 137|0x000000070a700000, 0x000000070a700000, 0x000000070a800000|  0%| F|  |TAMS 0x000000070a700000, 0x000000070a700000| Untracked 
| 138|0x000000070a800000, 0x000000070a800000, 0x000000070a900000|  0%| F|  |TAMS 0x000000070a800000, 0x000000070a800000| Untracked 
| 139|0x000000070a900000, 0x000000070a900000, 0x000000070aa00000|  0%| F|  |TAMS 0x000000070a900000, 0x000000070a900000| Untracked 
| 140|0x000000070aa00000, 0x000000070aa00000, 0x000000070ab00000|  0%| F|  |TAMS 0x000000070aa00000, 0x000000070aa00000| Untracked 
| 141|0x000000070ab00000, 0x000000070ab00000, 0x000000070ac00000|  0%| F|  |TAMS 0x000000070ab00000, 0x000000070ab00000| Untracked 
| 142|0x000000070ac00000, 0x000000070ac00000, 0x000000070ad00000|  0%| F|  |TAMS 0x000000070ac00000, 0x000000070ac00000| Untracked 
| 143|0x000000070ad00000, 0x000000070ad00000, 0x000000070ae00000|  0%| F|  |TAMS 0x000000070ad00000, 0x000000070ad00000| Untracked 
| 144|0x000000070ae00000, 0x000000070ae00000, 0x000000070af00000|  0%| F|  |TAMS 0x000000070ae00000, 0x000000070ae00000| Untracked 
| 145|0x000000070af00000, 0x000000070af00000, 0x000000070b000000|  0%| F|  |TAMS 0x000000070af00000, 0x000000070af00000| Untracked 
| 146|0x000000070b000000, 0x000000070b000000, 0x000000070b100000|  0%| F|  |TAMS 0x000000070b000000, 0x000000070b000000| Untracked 
| 147|0x000000070b100000, 0x000000070b100000, 0x000000070b200000|  0%| F|  |TAMS 0x000000070b100000, 0x000000070b100000| Untracked 
| 148|0x000000070b200000, 0x000000070b200000, 0x000000070b300000|  0%| F|  |TAMS 0x000000070b200000, 0x000000070b200000| Untracked 
| 149|0x000000070b300000, 0x000000070b300000, 0x000000070b400000|  0%| F|  |TAMS 0x000000070b300000, 0x000000070b300000| Untracked 
| 150|0x000000070b400000, 0x000000070b400000, 0x000000070b500000|  0%| F|  |TAMS 0x000000070b400000, 0x000000070b400000| Untracked 
| 151|0x000000070b500000, 0x000000070b500000, 0x000000070b600000|  0%| F|  |TAMS 0x000000070b500000, 0x000000070b500000| Untracked 
| 152|0x000000070b600000, 0x000000070b600000, 0x000000070b700000|  0%| F|  |TAMS 0x000000070b600000, 0x000000070b600000| Untracked 
| 153|0x000000070b700000, 0x000000070b700000, 0x000000070b800000|  0%| F|  |TAMS 0x000000070b700000, 0x000000070b700000| Untracked 
| 154|0x000000070b800000, 0x000000070b800000, 0x000000070b900000|  0%| F|  |TAMS 0x000000070b800000, 0x000000070b800000| Untracked 
| 155|0x000000070b900000, 0x000000070b900000, 0x000000070ba00000|  0%| F|  |TAMS 0x000000070b900000, 0x000000070b900000| Untracked 
| 156|0x000000070ba00000, 0x000000070ba00000, 0x000000070bb00000|  0%| F|  |TAMS 0x000000070ba00000, 0x000000070ba00000| Untracked 
| 157|0x000000070bb00000, 0x000000070bb00000, 0x000000070bc00000|  0%| F|  |TAMS 0x000000070bb00000, 0x000000070bb00000| Untracked 
| 158|0x000000070bc00000, 0x000000070bc00000, 0x000000070bd00000|  0%| F|  |TAMS 0x000000070bc00000, 0x000000070bc00000| Untracked 
| 159|0x000000070bd00000, 0x000000070bd00000, 0x000000070be00000|  0%| F|  |TAMS 0x000000070bd00000, 0x000000070bd00000| Untracked 
| 160|0x000000070be00000, 0x000000070be00000, 0x000000070bf00000|  0%| F|  |TAMS 0x000000070be00000, 0x000000070be00000| Untracked 
| 161|0x000000070bf00000, 0x000000070bf00000, 0x000000070c000000|  0%| F|  |TAMS 0x000000070bf00000, 0x000000070bf00000| Untracked 
| 162|0x000000070c000000, 0x000000070c000000, 0x000000070c100000|  0%| F|  |TAMS 0x000000070c000000, 0x000000070c000000| Untracked 
| 163|0x000000070c100000, 0x000000070c100000, 0x000000070c200000|  0%| F|  |TAMS 0x000000070c100000, 0x000000070c100000| Untracked 
| 164|0x000000070c200000, 0x000000070c200000, 0x000000070c300000|  0%| F|  |TAMS 0x000000070c200000, 0x000000070c200000| Untracked 
| 165|0x000000070c300000, 0x000000070c300000, 0x000000070c400000|  0%| F|  |TAMS 0x000000070c300000, 0x000000070c300000| Untracked 
| 166|0x000000070c400000, 0x000000070c400000, 0x000000070c500000|  0%| F|  |TAMS 0x000000070c400000, 0x000000070c400000| Untracked 
| 167|0x000000070c500000, 0x000000070c500000, 0x000000070c600000|  0%| F|  |TAMS 0x000000070c500000, 0x000000070c500000| Untracked 
| 168|0x000000070c600000, 0x000000070c600000, 0x000000070c700000|  0%| F|  |TAMS 0x000000070c600000, 0x000000070c600000| Untracked 
| 169|0x000000070c700000, 0x000000070c700000, 0x000000070c800000|  0%| F|  |TAMS 0x000000070c700000, 0x000000070c700000| Untracked 
| 170|0x000000070c800000, 0x000000070c800000, 0x000000070c900000|  0%| F|  |TAMS 0x000000070c800000, 0x000000070c800000| Untracked 
| 171|0x000000070c900000, 0x000000070c900000, 0x000000070ca00000|  0%| F|  |TAMS 0x000000070c900000, 0x000000070c900000| Untracked 
| 172|0x000000070ca00000, 0x000000070ca00000, 0x000000070cb00000|  0%| F|  |TAMS 0x000000070ca00000, 0x000000070ca00000| Untracked 
| 173|0x000000070cb00000, 0x000000070cb00000, 0x000000070cc00000|  0%| F|  |TAMS 0x000000070cb00000, 0x000000070cb00000| Untracked 
| 174|0x000000070cc00000, 0x000000070cc00000, 0x000000070cd00000|  0%| F|  |TAMS 0x000000070cc00000, 0x000000070cc00000| Untracked 
| 175|0x000000070cd00000, 0x000000070cd00000, 0x000000070ce00000|  0%| F|  |TAMS 0x000000070cd00000, 0x000000070cd00000| Untracked 
| 176|0x000000070ce00000, 0x000000070ce00000, 0x000000070cf00000|  0%| F|  |TAMS 0x000000070ce00000, 0x000000070ce00000| Untracked 
| 177|0x000000070cf00000, 0x000000070cf00000, 0x000000070d000000|  0%| F|  |TAMS 0x000000070cf00000, 0x000000070cf00000| Untracked 
| 178|0x000000070d000000, 0x000000070d000000, 0x000000070d100000|  0%| F|  |TAMS 0x000000070d000000, 0x000000070d000000| Untracked 
| 179|0x000000070d100000, 0x000000070d100000, 0x000000070d200000|  0%| F|  |TAMS 0x000000070d100000, 0x000000070d100000| Untracked 
| 180|0x000000070d200000, 0x000000070d200000, 0x000000070d300000|  0%| F|  |TAMS 0x000000070d200000, 0x000000070d200000| Untracked 
| 181|0x000000070d300000, 0x000000070d300000, 0x000000070d400000|  0%| F|  |TAMS 0x000000070d300000, 0x000000070d300000| Untracked 
| 182|0x000000070d400000, 0x000000070d400000, 0x000000070d500000|  0%| F|  |TAMS 0x000000070d400000, 0x000000070d400000| Untracked 
| 183|0x000000070d500000, 0x000000070d500000, 0x000000070d600000|  0%| F|  |TAMS 0x000000070d500000, 0x000000070d500000| Untracked 
| 184|0x000000070d600000, 0x000000070d600000, 0x000000070d700000|  0%| F|  |TAMS 0x000000070d600000, 0x000000070d600000| Untracked 
| 185|0x000000070d700000, 0x000000070d700000, 0x000000070d800000|  0%| F|  |TAMS 0x000000070d700000, 0x000000070d700000| Untracked 
| 186|0x000000070d800000, 0x000000070d800000, 0x000000070d900000|  0%| F|  |TAMS 0x000000070d800000, 0x000000070d800000| Untracked 
| 187|0x000000070d900000, 0x000000070d900000, 0x000000070da00000|  0%| F|  |TAMS 0x000000070d900000, 0x000000070d900000| Untracked 
| 188|0x000000070da00000, 0x000000070da00000, 0x000000070db00000|  0%| F|  |TAMS 0x000000070da00000, 0x000000070da00000| Untracked 
| 189|0x000000070db00000, 0x000000070db00000, 0x000000070dc00000|  0%| F|  |TAMS 0x000000070db00000, 0x000000070db00000| Untracked 
| 190|0x000000070dc00000, 0x000000070dc00000, 0x000000070dd00000|  0%| F|  |TAMS 0x000000070dc00000, 0x000000070dc00000| Untracked 
| 191|0x000000070dd00000, 0x000000070dd00000, 0x000000070de00000|  0%| F|  |TAMS 0x000000070dd00000, 0x000000070dd00000| Untracked 
| 192|0x000000070de00000, 0x000000070de00000, 0x000000070df00000|  0%| F|  |TAMS 0x000000070de00000, 0x000000070de00000| Untracked 
| 193|0x000000070df00000, 0x000000070df00000, 0x000000070e000000|  0%| F|  |TAMS 0x000000070df00000, 0x000000070df00000| Untracked 
| 194|0x000000070e000000, 0x000000070e000000, 0x000000070e100000|  0%| F|  |TAMS 0x000000070e000000, 0x000000070e000000| Untracked 
| 195|0x000000070e100000, 0x000000070e100000, 0x000000070e200000|  0%| F|  |TAMS 0x000000070e100000, 0x000000070e100000| Untracked 
| 196|0x000000070e200000, 0x000000070e200000, 0x000000070e300000|  0%| F|  |TAMS 0x000000070e200000, 0x000000070e200000| Untracked 
| 197|0x000000070e300000, 0x000000070e300000, 0x000000070e400000|  0%| F|  |TAMS 0x000000070e300000, 0x000000070e300000| Untracked 
| 198|0x000000070e400000, 0x000000070e400000, 0x000000070e500000|  0%| F|  |TAMS 0x000000070e400000, 0x000000070e400000| Untracked 
| 199|0x000000070e500000, 0x000000070e500000, 0x000000070e600000|  0%| F|  |TAMS 0x000000070e500000, 0x000000070e500000| Untracked 
| 200|0x000000070e600000, 0x000000070e600000, 0x000000070e700000|  0%| F|  |TAMS 0x000000070e600000, 0x000000070e600000| Untracked 
| 201|0x000000070e700000, 0x000000070e700000, 0x000000070e800000|  0%| F|  |TAMS 0x000000070e700000, 0x000000070e700000| Untracked 
| 202|0x000000070e800000, 0x000000070e800000, 0x000000070e900000|  0%| F|  |TAMS 0x000000070e800000, 0x000000070e800000| Untracked 
| 203|0x000000070e900000, 0x000000070e900000, 0x000000070ea00000|  0%| F|  |TAMS 0x000000070e900000, 0x000000070e900000| Untracked 
| 204|0x000000070ea00000, 0x000000070ea00000, 0x000000070eb00000|  0%| F|  |TAMS 0x000000070ea00000, 0x000000070ea00000| Untracked 
| 205|0x000000070eb00000, 0x000000070eb00000, 0x000000070ec00000|  0%| F|  |TAMS 0x000000070eb00000, 0x000000070eb00000| Untracked 
| 206|0x000000070ec00000, 0x000000070ec00000, 0x000000070ed00000|  0%| F|  |TAMS 0x000000070ec00000, 0x000000070ec00000| Untracked 
| 207|0x000000070ed00000, 0x000000070ed00000, 0x000000070ee00000|  0%| F|  |TAMS 0x000000070ed00000, 0x000000070ed00000| Untracked 
| 208|0x000000070ee00000, 0x000000070ee00000, 0x000000070ef00000|  0%| F|  |TAMS 0x000000070ee00000, 0x000000070ee00000| Untracked 
| 209|0x000000070ef00000, 0x000000070ef00000, 0x000000070f000000|  0%| F|  |TAMS 0x000000070ef00000, 0x000000070ef00000| Untracked 
| 210|0x000000070f000000, 0x000000070f000000, 0x000000070f100000|  0%| F|  |TAMS 0x000000070f000000, 0x000000070f000000| Untracked 
| 211|0x000000070f100000, 0x000000070f100000, 0x000000070f200000|  0%| F|  |TAMS 0x000000070f100000, 0x000000070f100000| Untracked 
| 212|0x000000070f200000, 0x000000070f200000, 0x000000070f300000|  0%| F|  |TAMS 0x000000070f200000, 0x000000070f200000| Untracked 
| 213|0x000000070f300000, 0x000000070f300000, 0x000000070f400000|  0%| F|  |TAMS 0x000000070f300000, 0x000000070f300000| Untracked 
| 214|0x000000070f400000, 0x000000070f400000, 0x000000070f500000|  0%| F|  |TAMS 0x000000070f400000, 0x000000070f400000| Untracked 
| 215|0x000000070f500000, 0x000000070f500000, 0x000000070f600000|  0%| F|  |TAMS 0x000000070f500000, 0x000000070f500000| Untracked 
| 216|0x000000070f600000, 0x000000070f600000, 0x000000070f700000|  0%| F|  |TAMS 0x000000070f600000, 0x000000070f600000| Untracked 
| 217|0x000000070f700000, 0x000000070f700000, 0x000000070f800000|  0%| F|  |TAMS 0x000000070f700000, 0x000000070f700000| Untracked 
| 218|0x000000070f800000, 0x000000070f800000, 0x000000070f900000|  0%| F|  |TAMS 0x000000070f800000, 0x000000070f800000| Untracked 
| 219|0x000000070f900000, 0x000000070f900000, 0x000000070fa00000|  0%| F|  |TAMS 0x000000070f900000, 0x000000070f900000| Untracked 
| 220|0x000000070fa00000, 0x000000070fa00000, 0x000000070fb00000|  0%| F|  |TAMS 0x000000070fa00000, 0x000000070fa00000| Untracked 
| 221|0x000000070fb00000, 0x000000070fb00000, 0x000000070fc00000|  0%| F|  |TAMS 0x000000070fb00000, 0x000000070fb00000| Untracked 
| 222|0x000000070fc00000, 0x000000070fc00000, 0x000000070fd00000|  0%| F|  |TAMS 0x000000070fc00000, 0x000000070fc00000| Untracked 
| 223|0x000000070fd00000, 0x000000070fd00000, 0x000000070fe00000|  0%| F|  |TAMS 0x000000070fd00000, 0x000000070fd00000| Untracked 
| 224|0x000000070fe00000, 0x000000070fe00000, 0x000000070ff00000|  0%| F|  |TAMS 0x000000070fe00000, 0x000000070fe00000| Untracked 
| 225|0x000000070ff00000, 0x000000070ff00000, 0x0000000710000000|  0%| F|  |TAMS 0x000000070ff00000, 0x000000070ff00000| Untracked 
| 226|0x0000000710000000, 0x0000000710000000, 0x0000000710100000|  0%| F|  |TAMS 0x0000000710000000, 0x0000000710000000| Untracked 
| 227|0x0000000710100000, 0x0000000710100000, 0x0000000710200000|  0%| F|  |TAMS 0x0000000710100000, 0x0000000710100000| Untracked 
| 228|0x0000000710200000, 0x0000000710200000, 0x0000000710300000|  0%| F|  |TAMS 0x0000000710200000, 0x0000000710200000| Untracked 
| 229|0x0000000710300000, 0x0000000710300000, 0x0000000710400000|  0%| F|  |TAMS 0x0000000710300000, 0x0000000710300000| Untracked 
| 230|0x0000000710400000, 0x0000000710400000, 0x0000000710500000|  0%| F|  |TAMS 0x0000000710400000, 0x0000000710400000| Untracked 
| 231|0x0000000710500000, 0x0000000710500000, 0x0000000710600000|  0%| F|  |TAMS 0x0000000710500000, 0x0000000710500000| Untracked 
| 232|0x0000000710600000, 0x0000000710600000, 0x0000000710700000|  0%| F|  |TAMS 0x0000000710600000, 0x0000000710600000| Untracked 
| 233|0x0000000710700000, 0x0000000710700000, 0x0000000710800000|  0%| F|  |TAMS 0x0000000710700000, 0x0000000710700000| Untracked 
| 234|0x0000000710800000, 0x0000000710800000, 0x0000000710900000|  0%| F|  |TAMS 0x0000000710800000, 0x0000000710800000| Untracked 
| 235|0x0000000710900000, 0x0000000710900000, 0x0000000710a00000|  0%| F|  |TAMS 0x0000000710900000, 0x0000000710900000| Untracked 
| 236|0x0000000710a00000, 0x0000000710a00000, 0x0000000710b00000|  0%| F|  |TAMS 0x0000000710a00000, 0x0000000710a00000| Untracked 
| 237|0x0000000710b00000, 0x0000000710b00000, 0x0000000710c00000|  0%| F|  |TAMS 0x0000000710b00000, 0x0000000710b00000| Untracked 
| 238|0x0000000710c00000, 0x0000000710c00000, 0x0000000710d00000|  0%| F|  |TAMS 0x0000000710c00000, 0x0000000710c00000| Untracked 
| 239|0x0000000710d00000, 0x0000000710d00000, 0x0000000710e00000|  0%| F|  |TAMS 0x0000000710d00000, 0x0000000710d00000| Untracked 
| 240|0x0000000710e00000, 0x0000000710e00000, 0x0000000710f00000|  0%| F|  |TAMS 0x0000000710e00000, 0x0000000710e00000| Untracked 
| 241|0x0000000710f00000, 0x0000000710f00000, 0x0000000711000000|  0%| F|  |TAMS 0x0000000710f00000, 0x0000000710f00000| Untracked 
| 242|0x0000000711000000, 0x0000000711000000, 0x0000000711100000|  0%| F|  |TAMS 0x0000000711000000, 0x0000000711000000| Untracked 
| 243|0x0000000711100000, 0x0000000711100000, 0x0000000711200000|  0%| F|  |TAMS 0x0000000711100000, 0x0000000711100000| Untracked 
| 244|0x0000000711200000, 0x0000000711200000, 0x0000000711300000|  0%| F|  |TAMS 0x0000000711200000, 0x0000000711200000| Untracked 
| 245|0x0000000711300000, 0x0000000711300000, 0x0000000711400000|  0%| F|  |TAMS 0x0000000711300000, 0x0000000711300000| Untracked 
| 246|0x0000000711400000, 0x0000000711400000, 0x0000000711500000|  0%| F|  |TAMS 0x0000000711400000, 0x0000000711400000| Untracked 
| 247|0x0000000711500000, 0x0000000711500000, 0x0000000711600000|  0%| F|  |TAMS 0x0000000711500000, 0x0000000711500000| Untracked 
| 248|0x0000000711600000, 0x0000000711600000, 0x0000000711700000|  0%| F|  |TAMS 0x0000000711600000, 0x0000000711600000| Untracked 
| 249|0x0000000711700000, 0x0000000711700000, 0x0000000711800000|  0%| F|  |TAMS 0x0000000711700000, 0x0000000711700000| Untracked 
| 250|0x0000000711800000, 0x0000000711800000, 0x0000000711900000|  0%| F|  |TAMS 0x0000000711800000, 0x0000000711800000| Untracked 
| 251|0x0000000711900000, 0x0000000711a00000, 0x0000000711a00000|100%| E|  |TAMS 0x0000000711900000, 0x0000000711900000| Complete 
| 252|0x0000000711a00000, 0x0000000711b00000, 0x0000000711b00000|100%| E|CS|TAMS 0x0000000711a00000, 0x0000000711a00000| Complete 
| 253|0x0000000711b00000, 0x0000000711c00000, 0x0000000711c00000|100%| E|CS|TAMS 0x0000000711b00000, 0x0000000711b00000| Complete 
| 254|0x0000000711c00000, 0x0000000711d00000, 0x0000000711d00000|100%| E|CS|TAMS 0x0000000711c00000, 0x0000000711c00000| Complete 
| 255|0x0000000711d00000, 0x0000000711e00000, 0x0000000711e00000|100%| E|CS|TAMS 0x0000000711d00000, 0x0000000711d00000| Complete 

Card table byte_map: [0x000001b4dcde0000,0x000001b4dd5e0000] _byte_map_base: 0x000001b4d95d1000

Marking Bits (Prev, Next): (CMBitMap*) 0x000001b4c486b868, (CMBitMap*) 0x000001b4c486b8a0
 Prev Bits: [0x000001b4ddde0000, 0x000001b4e1d68000)
 Next Bits: [0x000001b4e1d70000, 0x000001b4e5cf8000)

Polling page: 0x000001b4c2f30000

Metaspace:

Usage:
  Non-class:      5.86 MB capacity,     5.76 MB ( 98%) used,   101.72 KB (  2%) free+waste,     3.38 KB ( <1%) overhead. 
      Class:    570.00 KB capacity,   550.46 KB ( 97%) used,    18.04 KB (  3%) free+waste,     1.50 KB ( <1%) overhead. 
       Both:      6.42 MB capacity,     6.29 MB ( 98%) used,   119.76 KB (  2%) free+waste,     4.88 KB ( <1%) overhead. 

Virtual space:
  Non-class space:        8.00 MB reserved,       6.00 MB ( 75%) committed 
      Class space:        1.00 GB reserved,     640.00 KB ( <1%) committed 
             Both:        1.01 GB reserved,       6.63 MB ( <1%) committed 

Chunk freelists:
   Non-Class:  2.00 KB
       Class:  768 bytes
        Both:  2.75 KB

CodeHeap 'non-profiled nmethods': size=120000Kb used=66Kb max_used=66Kb free=119933Kb
 bounds [0x000001b4d4640000, 0x000001b4d48b0000, 0x000001b4dbb70000]
CodeHeap 'profiled nmethods': size=120000Kb used=365Kb max_used=365Kb free=119634Kb
 bounds [0x000001b4cd110000, 0x000001b4cd380000, 0x000001b4d4640000]
CodeHeap 'non-nmethods': size=5760Kb used=1192Kb max_used=1203Kb free=4567Kb
 bounds [0x000001b4ccb70000, 0x000001b4ccde0000, 0x000001b4cd110000]
 total_blobs=716 nmethods=232 adapters=339
 compilation: enabled
              stopped_count=0, restarted_count=0
 full_count=0

Compilation events (10 events):
Event: 0.961 Thread 0x000001b4e918c000  227  s!   3       jdk.internal.loader.URLClassPath::getLoader (194 bytes)
Event: 0.966 Thread 0x000001b4e918c000 nmethod 227 0x000001b4cd15ee10 code [0x000001b4cd15f1e0, 0x000001b4cd161190]
Event: 0.966 Thread 0x000001b4e918c000  229   !   3       java.net.URL::<init> (543 bytes)
Event: 0.993 Thread 0x000001b4e918c000 nmethod 229 0x000001b4cd161f10 code [0x000001b4cd1626a0, 0x000001b4cd168800]
Event: 0.993 Thread 0x000001b4e918c000  232       3       jdk.internal.org.objectweb.asm.ByteVector::putShort (52 bytes)
Event: 0.994 Thread 0x000001b4e918c000 nmethod 232 0x000001b4cd16ab90 code [0x000001b4cd16ad60, 0x000001b4cd16afd0]
Event: 0.994 Thread 0x000001b4e918c000  228       3       java.net.URL::<init> (8 bytes)
Event: 0.994 Thread 0x000001b4e918c000 nmethod 228 0x000001b4cd16b110 code [0x000001b4cd16b2c0, 0x000001b4cd16b470]
Event: 0.994 Thread 0x000001b4e918c000  231       1       java.lang.invoke.MethodType::ptypes (5 bytes)
Event: 0.995 Thread 0x000001b4e918c000 nmethod 231 0x000001b4d4650710 code [0x000001b4d46508c0, 0x000001b4d46509d8]

GC Heap History (0 events):
No events

Deoptimization events (1 events):
Event: 0.269 Thread 0x000001b4c480d800 Uncommon trap: reason=unstable_if action=reinterpret pc=0x000001b4d464531c method=java.lang.String.hashCode()I @ 14 c2

Classes redefined (0 events):
No events

Internal exceptions (2 events):
Event: 0.918 Thread 0x000001b4c480d800 Exception <a 'java/lang/NoSuchMethodError'{0x0000000711a3f0c0}: java.lang.invoke.DirectMethodHandle$Holder.invokeSpecial(Ljava/lang/Object;Ljava/lang/Object;)V> (0x0000000711a3f0c0) thrown at [t:/workspace/open/src/hotspot/share/interpreter/linkResolver.c
Event: 0.928 Thread 0x000001b4c480d800 Exception <a 'java/lang/NoSuchMethodError'{0x0000000711a4d5a0}: java.lang.invoke.DirectMethodHandle$Holder.invokeStaticInit(Ljava/lang/Object;)V> (0x0000000711a4d5a0) thrown at [t:/workspace/open/src/hotspot/share/interpreter/linkResolver.cpp, line 772]

Events (10 events):
Event: 0.986 Executing VM operation: RevokeBias
Event: 0.986 Executing VM operation: RevokeBias done
Event: 0.986 loading class java/lang/NoSuchFieldError
Event: 0.987 loading class java/lang/NoSuchFieldError done
Event: 0.987 loading class edu/wpi/cscore/VideoSource$Kind
Event: 0.987 loading class edu/wpi/cscore/VideoSource$Kind done
Event: 1.012 loading class java/util/Hashtable$ValueCollection
Event: 1.012 loading class java/util/Hashtable$ValueCollection done
Event: 1.013 loading class java/util/Collections$EmptyIterator
Event: 1.013 loading class java/util/Collections$EmptyIterator done


Dynamic libraries:
0x00007ff66ec40000 - 0x00007ff66ec85000 	C:\Users\Public\frc2019\jdk\bin\java.exe
0x00007ffed2280000 - 0x00007ffed2461000 	C:\WINDOWS\SYSTEM32\ntdll.dll
0x00007ffed0000000 - 0x00007ffed00b2000 	C:\WINDOWS\System32\KERNEL32.DLL
0x00007ffecf3b0000 - 0x00007ffecf623000 	C:\WINDOWS\System32\KERNELBASE.dll
0x00007ffed20c0000 - 0x00007ffed2250000 	C:\WINDOWS\System32\USER32.dll
0x00007ffece650000 - 0x00007ffece670000 	C:\WINDOWS\System32\win32u.dll
0x00007ffed00c0000 - 0x00007ffed00e8000 	C:\WINDOWS\System32\GDI32.dll
0x00007ffece670000 - 0x00007ffece802000 	C:\WINDOWS\System32\gdi32full.dll
0x00007ffecf120000 - 0x00007ffecf1bf000 	C:\WINDOWS\System32\msvcp_win.dll
0x00007ffece810000 - 0x00007ffece90a000 	C:\WINDOWS\System32\ucrtbase.dll
0x00007ffec1ba0000 - 0x00007ffec1e09000 	C:\WINDOWS\WinSxS\amd64_microsoft.windows.common-controls_6595b64144ccf1df_6.0.17134.523_none_fb409dd930672a56\COMCTL32.dll
0x00007ffed1c30000 - 0x00007ffed1cce000 	C:\WINDOWS\System32\msvcrt.dll
0x00007ffed1ce0000 - 0x00007ffed2002000 	C:\WINDOWS\System32\combase.dll
0x00007ffecfdd0000 - 0x00007ffecfef4000 	C:\WINDOWS\System32\RPCRT4.dll
0x00007ffecf690000 - 0x00007ffecf70a000 	C:\WINDOWS\System32\bcryptPrimitives.dll
0x00007ffecf7a0000 - 0x00007ffecf7cd000 	C:\WINDOWS\System32\IMM32.DLL
0x00007ffebc920000 - 0x00007ffebc936000 	C:\Users\Public\frc2019\jdk\bin\vcruntime140.dll
0x00007ffebb510000 - 0x00007ffebb5ab000 	C:\Users\Public\frc2019\jdk\bin\msvcp140.dll
0x00007ffe737f0000 - 0x00007ffe74331000 	C:\Users\Public\frc2019\jdk\bin\server\jvm.dll
0x00007ffecf7e0000 - 0x00007ffecf881000 	C:\WINDOWS\System32\ADVAPI32.dll
0x00007ffecfd70000 - 0x00007ffecfdcb000 	C:\WINDOWS\System32\sechost.dll
0x00007ffecf7d0000 - 0x00007ffecf7d8000 	C:\WINDOWS\System32\PSAPI.DLL
0x00007ffebad50000 - 0x00007ffebad59000 	C:\WINDOWS\SYSTEM32\WSOCK32.dll
0x00007ffecaf70000 - 0x00007ffecaf93000 	C:\WINDOWS\SYSTEM32\WINMM.dll
0x00007ffec40c0000 - 0x00007ffec40ca000 	C:\WINDOWS\SYSTEM32\VERSION.dll
0x00007ffecfa30000 - 0x00007ffecfa9c000 	C:\WINDOWS\System32\WS2_32.dll
0x00007ffecaf40000 - 0x00007ffecaf6a000 	C:\WINDOWS\SYSTEM32\winmmbase.dll
0x00007ffece9c0000 - 0x00007ffecea09000 	C:\WINDOWS\System32\cfgmgr32.dll
0x00007ffece5a0000 - 0x00007ffece5b1000 	C:\WINDOWS\System32\kernel.appcore.dll
0x00007ffebc780000 - 0x00007ffebc791000 	C:\Users\Public\frc2019\jdk\bin\verify.dll
0x00007ffeccf90000 - 0x00007ffecd159000 	C:\WINDOWS\SYSTEM32\DBGHELP.DLL
0x00007ffeba050000 - 0x00007ffeba079000 	C:\WINDOWS\SYSTEM32\dbgcore.DLL
0x00007ffebb4e0000 - 0x00007ffebb508000 	C:\Users\Public\frc2019\jdk\bin\java.dll
0x00007ffebc980000 - 0x00007ffebc9b7000 	C:\Users\Public\frc2019\jdk\bin\jdwp.dll
0x00007ffebb4c0000 - 0x00007ffebb4d6000 	C:\Users\Public\frc2019\jdk\bin\zip.dll
0x00007ffec4e10000 - 0x00007ffec4e1a000 	C:\Users\Public\frc2019\jdk\bin\jimage.dll
0x00007ffed0320000 - 0x00007ffed1760000 	C:\WINDOWS\System32\SHELL32.dll
0x00007ffed2010000 - 0x00007ffed20b9000 	C:\WINDOWS\System32\shcore.dll
0x00007ffecea10000 - 0x00007ffecf11d000 	C:\WINDOWS\System32\windows.storage.dll
0x00007ffecffa0000 - 0x00007ffecfff1000 	C:\WINDOWS\System32\shlwapi.dll
0x00007ffece5e0000 - 0x00007ffece5ff000 	C:\WINDOWS\System32\profapi.dll
0x00007ffece600000 - 0x00007ffece64c000 	C:\WINDOWS\System32\powrprof.dll
0x00007ffece590000 - 0x00007ffece59a000 	C:\WINDOWS\System32\FLTLIB.DLL
0x00007ffec0730000 - 0x00007ffec073a000 	C:\Users\Public\frc2019\jdk\bin\dt_socket.dll
0x00007ffecde10000 - 0x00007ffecde76000 	C:\WINDOWS\System32\mswsock.dll
0x00007ffecdbd0000 - 0x00007ffecdc8e000 	C:\WINDOWS\SYSTEM32\DNSAPI.dll
0x00007ffed1cd0000 - 0x00007ffed1cd8000 	C:\WINDOWS\System32\NSI.dll
0x00007ffecdb90000 - 0x00007ffecdbc8000 	C:\WINDOWS\SYSTEM32\IPHLPAPI.DLL
0x00007ffec0c30000 - 0x00007ffec0ca2000 	C:\WINDOWS\System32\fwpuclnt.dll
0x00007ffece0f0000 - 0x00007ffece115000 	C:\WINDOWS\SYSTEM32\bcrypt.dll
0x00007ffec0cf0000 - 0x00007ffec0cfa000 	C:\Windows\System32\rasadhlp.dll
0x00007ffebb4a0000 - 0x00007ffebb4b9000 	C:\Users\Public\frc2019\jdk\bin\net.dll
0x00007ffebe0e0000 - 0x00007ffebe1bd000 	C:\WINDOWS\SYSTEM32\WINHTTP.dll
0x00007ffebb480000 - 0x00007ffebb493000 	C:\Users\Public\frc2019\jdk\bin\nio.dll
0x00007ffea9c40000 - 0x00007ffea9ca1000 	C:\Users\ROBOTICS37\Documents\TechX\IterativeX\TechXIterative\build\tmp\jniExtractDir\wpiHaljni.dll
0x00007ffea2dd0000 - 0x00007ffea2e3f000 	C:\Users\ROBOTICS37\Documents\TechX\IterativeX\TechXIterative\build\tmp\jniExtractDir\wpiHal.dll
0x00007ffea2c90000 - 0x00007ffea2dcb000 	C:\Users\ROBOTICS37\Documents\TechX\IterativeX\TechXIterative\build\tmp\jniExtractDir\wpiutil.dll
0x00007ffed00f0000 - 0x00007ffed0241000 	C:\WINDOWS\System32\ole32.dll
0x00007ffece4c0000 - 0x00007ffece4e8000 	C:\WINDOWS\SYSTEM32\USERENV.dll
0x00007ffec0630000 - 0x00007ffec0646000 	C:\Users\ROBOTICS37\Documents\TechX\IterativeX\TechXIterative\build\tmp\jniExtractDir\cscorejni.dll
0x00007ffea2c00000 - 0x00007ffea2c8c000 	C:\Users\ROBOTICS37\Documents\TechX\IterativeX\TechXIterative\build\tmp\jniExtractDir\cscore.dll
0x00007ffea1e00000 - 0x00007ffea20fc000 	C:\Users\ROBOTICS37\Documents\TechX\IterativeX\TechXIterative\build\tmp\jniExtractDir\opencv_core344.dll
0x00007ffea2b20000 - 0x00007ffea2bfc000 	C:\Users\ROBOTICS37\Documents\TechX\IterativeX\TechXIterative\build\tmp\jniExtractDir\opencv_imgcodecs344.dll
0x00007ffec7320000 - 0x00007ffec74fb000 	C:\WINDOWS\SYSTEM32\MFPlat.DLL
0x00007ffea6e00000 - 0x00007ffea6e7b000 	C:\WINDOWS\SYSTEM32\MF.dll
0x00007ffea2a20000 - 0x00007ffea2b18000 	C:\WINDOWS\SYSTEM32\MFReadWrite.dll
0x00007ffea0b40000 - 0x00007ffea0ef0000 	C:\Users\ROBOTICS37\Documents\TechX\IterativeX\TechXIterative\build\tmp\jniExtractDir\opencv_imgproc344.dll
0x00007ffeb4fe0000 - 0x00007ffeb5031000 	C:\Users\Public\frc2019\jdk\bin\CONCRT140.dll
0x00007ffec4740000 - 0x00007ffec4b6e000 	C:\WINDOWS\SYSTEM32\MFCORE.DLL
0x00007ffecf1c0000 - 0x00007ffecf3a2000 	C:\WINDOWS\System32\CRYPT32.dll
0x00007ffece5c0000 - 0x00007ffece5d2000 	C:\WINDOWS\System32\MSASN1.dll
0x00007ffec7c70000 - 0x00007ffec7c79000 	C:\WINDOWS\SYSTEM32\ksuser.dll
0x00007ffecdfe0000 - 0x00007ffecdfeb000 	C:\WINDOWS\SYSTEM32\CRYPTBASE.DLL
0x00007ffec72f0000 - 0x00007ffec731e000 	C:\WINDOWS\SYSTEM32\RTWorkQ.DLL
0x00007ffea1c80000 - 0x00007ffea1df8000 	C:\Users\ROBOTICS37\Documents\TechX\IterativeX\TechXIterative\build\tmp\jniExtractDir\opencv_java344.dll
0x00007ffea1bb0000 - 0x00007ffea1c7a000 	C:\Users\ROBOTICS37\Documents\TechX\IterativeX\TechXIterative\build\tmp\jniExtractDir\opencv_ml344.dll
0x00007ffe836a0000 - 0x00007ffe8389f000 	C:\Users\ROBOTICS37\Documents\TechX\IterativeX\TechXIterative\build\tmp\jniExtractDir\opencv_calib3d344.dll
0x00007ffea0a70000 - 0x00007ffea0b36000 	C:\Users\ROBOTICS37\Documents\TechX\IterativeX\TechXIterative\build\tmp\jniExtractDir\opencv_features2d344.dll
0x00007ffea09d0000 - 0x00007ffea0a6b000 	C:\Users\ROBOTICS37\Documents\TechX\IterativeX\TechXIterative\build\tmp\jniExtractDir\opencv_objdetect344.dll
0x00007ffe99700000 - 0x00007ffe99788000 	C:\Users\ROBOTICS37\Documents\TechX\IterativeX\TechXIterative\build\tmp\jniExtractDir\opencv_flann344.dll
0x00007ffe97a60000 - 0x00007ffe97b55000 	C:\Users\ROBOTICS37\Documents\TechX\IterativeX\TechXIterative\build\tmp\jniExtractDir\opencv_photo344.dll
0x00007ffe99560000 - 0x00007ffe995df000 	C:\Users\ROBOTICS37\Documents\TechX\IterativeX\TechXIterative\build\tmp\jniExtractDir\opencv_videoio344.dll
0x00007ffed0250000 - 0x00007ffed0312000 	C:\WINDOWS\System32\OLEAUT32.dll
0x00007ffea2360000 - 0x00007ffea23c7000 	C:\Users\ROBOTICS37\Documents\TechX\IterativeX\TechXIterative\build\tmp\jniExtractDir\opencv_video344.dll
0x00007ffebcc20000 - 0x00007ffebcc37000 	C:\Users\ROBOTICS37\Documents\TechX\IterativeX\TechXIterative\build\tmp\jniExtractDir\ntcorejni.dll
0x00007ffe98170000 - 0x00007ffe98216000 	C:\Users\ROBOTICS37\Documents\TechX\IterativeX\TechXIterative\build\tmp\jniExtractDir\ntcore.dll
0x00007ffec3970000 - 0x00007ffec397b000 	C:\WINDOWS\SYSTEM32\WINNSI.DLL
0x00007ffec3d00000 - 0x00007ffec3d16000 	C:\WINDOWS\SYSTEM32\dhcpcsvc6.DLL
0x00007ffec3d80000 - 0x00007ffec3d9a000 	C:\WINDOWS\SYSTEM32\dhcpcsvc.DLL
0x00007ffecc6f0000 - 0x00007ffecc788000 	C:\WINDOWS\system32\uxtheme.dll
0x00007ffecc950000 - 0x00007ffecc979000 	C:\WINDOWS\system32\dwmapi.dll
0x00007ffecff00000 - 0x00007ffecffa0000 	C:\WINDOWS\System32\clbcatq.dll
0x00007ffebb430000 - 0x00007ffebb47d000 	C:\Windows\System32\FSClient.dll
0x00007ffea9d00000 - 0x00007ffea9d4e000 	C:\Windows\System32\MFSENSORGROUP.dll
0x00007ffecd350000 - 0x00007ffecd40b000 	C:\Windows\System32\dxgi.dll
0x00007ffecb580000 - 0x00007ffecb88b000 	C:\Windows\System32\d3d11.dll
0x00007ffec9c50000 - 0x00007ffec9c5a000 	C:\WINDOWS\SYSTEM32\AVRT.dll

dbghelp: loaded successfully - version: 4.0.5 - missing functions: none
symbol engine: initialized successfully - sym options: 0x614 - pdb path: .;C:\Users\Public\frc2019\jdk\bin;C:\WINDOWS\SYSTEM32;C:\WINDOWS\WinSxS\amd64_microsoft.windows.common-controls_6595b64144ccf1df_6.0.17134.523_none_fb409dd930672a56;C:\Users\Public\frc2019\jdk\bin\server;C:\Users\ROBOTICS37\Documents\TechX\IterativeX\TechXIterative\build\tmp\jniExtractDir

VM Arguments:
jvm_args: -agentlib:jdwp=transport=dt_socket,server=n,suspend=y,address=localhost:65260 -Djava.library.path=C:\Users\ROBOTICS37\Documents\TechX\IterativeX\TechXIterative\build\tmp\jniExtractDir -Dfile.encoding=UTF-8 
java_command: frc.robot.Main
java_class_path (initial): C:\Users\ROBOTICS37\Documents\TechX\IterativeX\TechXIterative\bin\main;C:\Users\Public\frc2019\maven\edu\wpi\first\wpilibj\wpilibj-java\2019.1.1\wpilibj-java-2019.1.1.jar;C:\Users\Public\frc2019\maven\edu\wpi\first\ntcore\ntcore-java\2019.1.1\ntcore-java-2019.1.1.jar;C:\Users\Public\frc2019\maven\edu\wpi\first\wpiutil\wpiutil-java\2019.1.1\wpiutil-java-2019.1.1.jar;C:\Users\Public\frc2019\maven\edu\wpi\first\thirdparty\frc2019\opencv\opencv-java\3.4.4-4\opencv-java-3.4.4-4.jar;C:\Users\Public\frc2019\maven\edu\wpi\first\cscore\cscore-java\2019.1.1\cscore-java-2019.1.1.jar;C:\Users\Public\frc2019\maven\edu\wpi\first\cameraserver\cameraserver-java\2019.1.1\cameraserver-java-2019.1.1.jar;C:\Users\Public\frc2019\maven\edu\wpi\first\hal\hal-java\2019.1.1\hal-java-2019.1.1.jar;C:\Users\ROBOTICS37\.gradle\caches\modules-2\files-2.1\junit\junit\4.12\2973d150c0dc1fefe998f834810d68f278ea58ec\junit-4.12.jar;C:\Users\ROBOTICS37\.gradle\caches\modules-2\files-2.1\org.hamcrest\hamcrest-core\1.3\42a25dc3219429f0e5d060061f71acb49bf010a0\hamcrest-core-1.3.jar
Launcher Type: SUN_STANDARD

[Global flags]
     intx CICompilerCount                          = 4                                         {product} {ergonomic}
     uint ConcGCThreads                            = 2                                         {product} {ergonomic}
     uint G1ConcRefinementThreads                  = 8                                         {product} {ergonomic}
   size_t G1HeapRegionSize                         = 1048576                                   {product} {ergonomic}
    uintx GCDrainStackTargetSize                   = 64                                        {product} {ergonomic}
   size_t InitialHeapSize                          = 268435456                                 {product} {ergonomic}
   size_t MarkStackSize                            = 4194304                                   {product} {ergonomic}
   size_t MaxHeapSize                              = 4263510016                                {product} {ergonomic}
   size_t MaxNewSize                               = 2557476864                                {product} {ergonomic}
   size_t MinHeapDeltaBytes                        = 1048576                                   {product} {ergonomic}
    uintx NonNMethodCodeHeapSize                   = 5835340                                {pd product} {ergonomic}
    uintx NonProfiledCodeHeapSize                  = 122911450                              {pd product} {ergonomic}
    uintx ProfiledCodeHeapSize                     = 122911450                              {pd product} {ergonomic}
    uintx ReservedCodeCacheSize                    = 251658240                              {pd product} {ergonomic}
     bool SegmentedCodeCache                       = true                                      {product} {ergonomic}
     bool UseCompressedClassPointers               = true                                 {lp64_product} {ergonomic}
     bool UseCompressedOops                        = true                                 {lp64_product} {ergonomic}
     bool UseG1GC                                  = true                                      {product} {ergonomic}
     bool UseLargePagesIndividualAllocation        = false                                  {pd product} {ergonomic}

Logging:
Log output configuration:
 #0: stdout all=warning uptime,level,tags
 #1: stderr all=off uptime,level,tags

Environment Variables:
JAVA_HOME=C:\Users\Public\frc2019\jdk
PATH=C:\Users\ROBOTICS37\Documents\TechX\IterativeX\TechXIterative\build\tmp\jniExtractDir
USERNAME=ROBOTICS37
OS=Windows_NT
PROCESSOR_IDENTIFIER=Intel64 Family 6 Model 158 Stepping 9, GenuineIntel



---------------  S Y S T E M  ---------------

OS: Windows 10 , 64 bit Build 17134 (10.0.17134.1)

CPU:total 8 (initial active 8) (4 cores per cpu, 2 threads per core) family 6 model 158 stepping 9, cmov, cx8, fxsr, mmx, sse, sse2, sse3, ssse3, sse4.1, sse4.2, popcnt, avx, avx2, aes, clmul, erms, 3dnowpref, lzcnt, ht, tsc, tscinvbit, bmi1, bmi2, adx, fma

Memory: 4k page, system-wide physical 16257M (9776M free)
TotalPageFile size 18689M (AvailPageFile size 9595M)
current process WorkingSet (physical memory assigned to process): 52M, peak: 52M
current process commit charge ("private bytes"): 345M, peak: 345M

vm_info: OpenJDK 64-Bit Server VM (11.0.1+13) for windows-amd64 JRE (11.0.1+13), built on Oct  6 2018 13:18:13 by "mach5one" with MS VC++ 15.5 (VS2017)

END.
